# JRE version: Java(TM) SE Runtime Environment (8.0_261-b12) (build 1.8.0_261-b12)
# Java VM: Java HotSpot(TM) 64-Bit Server VM (25.261-b12 mixed mode windows-amd64 compressed oops)
Heap:
 PSYoungGen      total 75776K, used 31602K [0x000000076b600000, 0x0000000770a80000, 0x00000007c0000000)
  eden space 65024K, 48% used [0x000000076b600000,0x000000076d4dc850,0x000000076f580000)
  from space 10752K, 0% used [0x000000076f580000,0x000000076f580000,0x0000000770000000)
  to   space 10752K, 0% used [0x0000000770000000,0x0000000770000000,0x0000000770a80000)
 ParOldGen       total 122368K, used 1446K [0x00000006c2200000, 0x00000006c9980000, 0x000000076b600000)
  object space 122368K, 1% used [0x00000006c2200000,0x00000006c23699b8,0x00000006c9980000)
 Metaspace       used 15102K, capacity 15376K, committed 15744K, reserved 1069056K
  class space    used 1734K, capacity 1833K, committed 1920K, reserved 1048576K
GC Heap History (4 events):
Event: 0.584 GC heap before
{Heap before GC invocations=1 (full 0):
 PSYoungGen      total 75776K, used 11729K [0x000000076b600000, 0x0000000770a80000, 0x00000007c0000000)
  eden space 65024K, 18% used [0x000000076b600000,0x000000076c174640,0x000000076f580000)
  from space 10752K, 0% used [0x0000000770000000,0x0000000770000000,0x0000000770a80000)
  to   space 10752K, 0% used [0x000000076f580000,0x000000076f580000,0x0000000770000000)
 ParOldGen       total 173568K, used 0K [0x00000006c2200000, 0x00000006ccb80000, 0x000000076b600000)
  object space 173568K, 0% used [0x00000006c2200000,0x00000006c2200000,0x00000006ccb80000)
 Metaspace       used 7384K, capacity 7518K, committed 7552K, reserved 1069056K
  class space    used 815K, capacity 889K, committed 896K, reserved 1048576K
Event: 0.585 GC heap after
Heap after GC invocations=1 (full 0):
 PSYoungGen      total 75776K, used 1612K [0x000000076b600000, 0x0000000770a80000, 0x00000007c0000000)
  eden space 65024K, 0% used [0x000000076b600000,0x000000076b600000,0x000000076f580000)
  from space 10752K, 15% used [0x000000076f580000,0x000000076f713368,0x0000000770000000)
  to   space 10752K, 0% used [0x0000000770000000,0x0000000770000000,0x0000000770a80000)
 ParOldGen       total 173568K, used 8K [0x00000006c2200000, 0x00000006ccb80000, 0x000000076b600000)
  object space 173568K, 0% used [0x00000006c2200000,0x00000006c2202000,0x00000006ccb80000)
 Metaspace       used 7384K, capacity 7518K, committed 7552K, reserved 1069056K
  class space    used 815K, capacity 889K, committed 896K, reserved 1048576K
}
Event: 0.585 GC heap before
{Heap before GC invocations=2 (full 1):
 PSYoungGen      total 75776K, used 1612K [0x000000076b600000, 0x0000000770a80000, 0x00000007c0000000)
  eden space 65024K, 0% used [0x000000076b600000,0x000000076b600000,0x000000076f580000)
  from space 10752K, 15% used [0x000000076f580000,0x000000076f713368,0x0000000770000000)
  to   space 10752K, 0% used [0x0000000770000000,0x0000000770000000,0x0000000770a80000)
 ParOldGen       total 173568K, used 8K [0x00000006c2200000, 0x00000006ccb80000, 0x000000076b600000)
  object space 173568K, 0% used [0x00000006c2200000,0x00000006c2202000,0x00000006ccb80000)
 Metaspace       used 7384K, capacity 7518K, committed 7552K, reserved 1069056K
  class space    used 815K, capacity 889K, committed 896K, reserved 1048576K
Event: 0.595 GC heap after
Heap after GC invocations=2 (full 1):
 PSYoungGen      total 75776K, used 0K [0x000000076b600000, 0x0000000770a80000, 0x00000007c0000000)
  eden space 65024K, 0% used [0x000000076b600000,0x000000076b600000,0x000000076f580000)
  from space 10752K, 0% used [0x000000076f580000,0x000000076f580000,0x0000000770000000)
  to   space 10752K, 0% used [0x0000000770000000,0x0000000770000000,0x0000000770a80000)
 ParOldGen       total 122368K, used 1446K [0x00000006c2200000, 0x00000006c9980000, 0x000000076b600000)
  object space 122368K, 1% used [0x00000006c2200000,0x00000006c23699b8,0x00000006c9980000)
 Metaspace       used 7384K, capacity 7518K, committed 7552K, reserved 1062912K
  class space    used 815K, capacity 889K, committed 896K, reserved 1048576K
}

